0 info it worked if it ends with ok
1 verbose cli [ 'node', '/usr/local/bin/npm', 'run', 'release' ]
2 info using npm@2.0.0-alpha-5
3 info using node@v0.10.29
4 verbose node symlink /usr/local/bin/node
5 verbose run-script [ 'prerelease', 'release', 'postrelease' ]
6 info prerelease wechat-node-sdk@1.0.0
7 info release wechat-node-sdk@1.0.0
8 verbose unsafe-perm in lifecycle true
9 info wechat-node-sdk@1.0.0 Failed to exec release script
10 error wechat-node-sdk@1.0.0 release: `node server.js`
10 error Exit status 8
11 error Failed at the wechat-node-sdk@1.0.0 release script.
11 error This is most likely a problem with the wechat-node-sdk package,
11 error not with npm itself.
11 error Tell the author that this fails on your system:
11 error     node server.js
11 error You can get their info via:
11 error     npm owner ls wechat-node-sdk
11 error There is likely additional logging output above.
12 error System Darwin 14.0.0
13 error command "node" "/usr/local/bin/npm" "run" "release"
14 error cwd /Users/Kelvin/Documents/wechat-node-sdk
15 error node -v v0.10.29
16 error npm -v 2.0.0-alpha-5
17 error code ELIFECYCLE
18 verbose exit [ 1, true ]
